[21:27:19] Connect parameters set. Connecting
[21:27:51] registered with ID: 346522
[21:27:51] Captcha key: gYlUn8/0U16ZmJUdTGCurRp657APAhqe6avCpmCii7w=
[21:27:51] Setting nick: joso
[21:27:51] Joins Moderator coco:333718:choq
[21:27:51] Joins Moderator hagtash:342700:hagtash
[21:27:51] Joins Moderator nobodyblues:343021:jesusblues
[21:27:51] Joins Moderator littlefinger:344110:littlefinger
[21:27:51] Joins Moderator GZZU:344572:zugzwangx
[21:27:51] Joins Moderator n_n:344791:nayfin
[21:27:51] Joins Moderator Jordan:345451:fuckjoomang
[21:27:51] Joins natt:345676
[21:27:51] Joins Moderator wraith:345808:wraith57
[21:27:51] Joins Moderator mypersonalitysux:345928:mypersonalitysux
[21:27:51] Joins Brixton:346075
[21:27:51] Joins Moderator just:346090:just2807
[21:27:51] Joins sellabit:346222:sellabit
[21:27:51] Joins t3ch:346315
[21:27:51] Joins jopa:346357:jopavdv
[21:27:51] Joins Moderator dengen:346360:dmscratediggin
[21:27:51] Joins OMFG:346369:kissmystarfish
[21:27:51] Joins sleep:346378
[21:27:51] Joins sleep1:346498
[21:27:51] Joins saee:346513
[21:27:51] Joins guest-346516:346516:tapan9990
[21:27:51] Joins Moderator guest-346519:346519:guyanesebai5
[21:27:51] All joins information received from the server.
[21:27:51] room topic: *Welcome :]!*
[21:27:51] Received confirmation of setting client nickname. Set to: joso
[21:27:51] guest-346522:346522 changed nick to: joso
[21:27:51] guest-346519:346519 changed nick to: Lukether
[21:27:52] coco is playing youTube yO7MWuJ7zLA
[21:27:54] mypersonalitysux: help
[21:27:57] mypersonalitysux: i need 'a doctor
[21:27:58] natt:345676 left the room.
[21:28:01] mypersonalitysux: i feel like
[21:28:03] mypersonalitysux: this guy
[21:28:06] mypersonalitysux: doing heide
[21:28:12] mypersonalitysux: fuck
[21:28:12] Jordan: .yt fitchl lied die woodys loop
[21:28:13] saee:346513 left the room.
[21:28:13] *Die Woodys - Fichtl's Lied (perfect loop) at #1 (0 remaining)*
[21:28:18] guest-346516:346516 left the room.
[21:28:20] t3ch: hey jojo
[21:28:20] Jordan: for you mike
[21:28:21] Jordan: lmao
[21:28:27] OMFG: happy
[21:28:27] just: this isnt even a green screen
[21:28:27] Lukether: >1jasper1
[21:28:31] Lukether: Kms.
[21:28:32] GZZU: ty
[21:28:33] just: its actually recorded on a meadow
[21:28:35] guest-346525:346525 has account: tapan9990
[21:28:37] Lukether: >ty
